[Sat Mar 19 18:06:19 2022] [warn] pid file C:/amp/UwAmp_1.3/UwAmp/apache/logs/httpd.pid overwritten -- Unclean shutdown of previous Apache run?
PHP Warning:  PHP Startup: Unable to load dynamic library './ext/php_ifx.dll' - N\xe3o foi poss\xedvel encontrar o m\xf3dulo especificado.\r\n in Unknown on line 0
PHP Warning:  PHP Startup: Unable to load dynamic library './ext/php_mssql.dll' - N\xe3o foi poss\xedvel encontrar o m\xf3dulo especificado.\r\n in Unknown on line 0
PHP Warning:  PHP Startup: Unable to load dynamic library './ext/php_oci8.dll' - N\xe3o foi poss\xedvel encontrar o m\xf3dulo especificado.\r\n in Unknown on line 0
PHP Warning:  PHP Startup: Unable to load dynamic library './ext/php_sybase_ct.dll' - N\xe3o foi poss\xedvel encontrar o m\xf3dulo especificado.\r\n in Unknown on line 0
Cannot find module (IP-MIB): At line 0 in (none)
Cannot find module (IF-MIB): At line 0 in (none)
Cannot find module (TCP-MIB): At line 0 in (none)
Cannot find module (UDP-MIB): At line 0 in (none)
Cannot find module (SNMPv2-MIB): At line 0 in (none)
Cannot find module (SNMPv2-SMI): At line 0 in (none)
Cannot find module (UCD-SNMP-MIB): At line 0 in (none)
Cannot find module (UCD-DEMO-MIB): At line 0 in (none)
Cannot find module (SNMP-TARGET-MIB): At line 0 in (none)
Cannot find module (SNMP-VIEW-BASED-ACM-MIB): At line 0 in (none)
Cannot find module (SNMP-COMMUNITY-MIB): At line 0 in (none)
Cannot find module (UCD-DLMOD-MIB): At line 0 in (none)
Cannot find module (SNMP-FRAMEWORK-MIB): At line 0 in (none)
Cannot find module (SNMP-MPD-MIB): At line 0 in (none)
Cannot find module (SNMP-USER-BASED-SM-MIB): At line 0 in (none)
Cannot find module (SNMP-NOTIFICATION-MIB): At line 0 in (none)
Cannot find module (SNMPv2-TM): At line 0 in (none)
[Sat Mar 19 18:06:21 2022] [notice] Apache/2.2.15 (Win32) PHP/5.2.13 configured -- resuming normal operations
[Sat Mar 19 18:06:21 2022] [notice] Server built: Mar  4 2010 11:27:46
[Sat Mar 19 18:06:22 2022] [notice] Parent: Created child process 11144
PHP Warning:  PHP Startup: Unable to load dynamic library './ext/php_ifx.dll' - N\xe3o foi poss\xedvel encontrar o m\xf3dulo especificado.\r\n in Unknown on line 0
PHP Warning:  PHP Startup: Unable to load dynamic library './ext/php_mssql.dll' - N\xe3o foi poss\xedvel encontrar o m\xf3dulo especificado.\r\n in Unknown on line 0
PHP Warning:  PHP Startup: Unable to load dynamic library './ext/php_oci8.dll' - N\xe3o foi poss\xedvel encontrar o m\xf3dulo especificado.\r\n in Unknown on line 0
PHP Warning:  PHP Startup: Unable to load dynamic library './ext/php_sybase_ct.dll' - N\xe3o foi poss\xedvel encontrar o m\xf3dulo especificado.\r\n in Unknown on line 0
Cannot find module (IP-MIB): At line 0 in (none)
Cannot find module (IF-MIB): At line 0 in (none)
Cannot find module (TCP-MIB): At line 0 in (none)
Cannot find module (UDP-MIB): At line 0 in (none)
Cannot find module (SNMPv2-MIB): At line 0 in (none)
Cannot find module (SNMPv2-SMI): At line 0 in (none)
Cannot find module (UCD-SNMP-MIB): At line 0 in (none)
Cannot find module (UCD-DEMO-MIB): At line 0 in (none)
Cannot find module (SNMP-TARGET-MIB): At line 0 in (none)
Cannot find module (SNMP-VIEW-BASED-ACM-MIB): At line 0 in (none)
Cannot find module (SNMP-COMMUNITY-MIB): At line 0 in (none)
Cannot find module (UCD-DLMOD-MIB): At line 0 in (none)
Cannot find module (SNMP-FRAMEWORK-MIB): At line 0 in (none)
Cannot find module (SNMP-MPD-MIB): At line 0 in (none)
Cannot find module (SNMP-USER-BASED-SM-MIB): At line 0 in (none)
Cannot find module (SNMP-NOTIFICATION-MIB): At line 0 in (none)
Cannot find module (SNMPv2-TM): At line 0 in (none)
[Sat Mar 19 18:06:23 2022] [notice] Child 11144: Child process is running
[Sat Mar 19 18:06:23 2022] [notice] Child 11144: Acquired the start mutex.
[Sat Mar 19 18:06:23 2022] [notice] Child 11144: Starting 64 worker threads.
[Sat Mar 19 18:06:23 2022] [notice] Child 11144: Starting thread to listen on port 80.
[Sat Mar 19 18:13:09 2022] [error] [client 127.0.0.1] File does not exist: C:/amp/UwAmp_1.3/UwAmp/www/dvwa
[Sat Mar 19 18:13:13 2022] [error] [client 127.0.0.1] File does not exist: C:/amp/UwAmp_1.3/UwAmp/www/dvwa
[Sat Mar 19 18:15:48 2022] [error] [client 127.0.0.1] PHP Notice:  Undefined variable: DBMS_errorFunc in C:\\amp\\UwAmp_1.3\\UwAmp\\www\\dvwa\\dvwa\\includes\\dvwaPage.inc.php on line 502
[Sat Mar 19 18:15:48 2022] [error] [client 127.0.0.1] File does not exist: C:/amp/UwAmp_1.3/UwAmp/www/dvwa/js, referer: http://localhost/dvwa/setup.php
[Sat Mar 19 18:15:53 2022] [error] [client 127.0.0.1] File does not exist: C:/amp/UwAmp_1.3/UwAmp/www/dvwa/js, referer: http://localhost/dvwa/setup.php
[Sat Mar 19 18:19:57 2022] [error] [client 127.0.0.1] File does not exist: C:/amp/UwAmp_1.3/UwAmp/www/dvwa/js, referer: http://localhost/dvwa/setup.php
[Sat Mar 19 18:20:10 2022] [error] [client 127.0.0.1] File does not exist: C:/amp/UwAmp_1.3/UwAmp/www/dvwa/js, referer: http://localhost/dvwa/index.php
[Sat Mar 19 18:33:11 2022] [warn] pid file C:/amp/UwAmp_1.3/UwAmp/apache/logs/httpd.pid overwritten -- Unclean shutdown of previous Apache run?
PHP Warning:  PHP Startup: Unable to load dynamic library './ext/php_ifx.dll' - N\xe3o foi poss\xedvel encontrar o m\xf3dulo especificado.\r\n in Unknown on line 0
PHP Warning:  PHP Startup: Unable to load dynamic library './ext/php_mssql.dll' - N\xe3o foi poss\xedvel encontrar o m\xf3dulo especificado.\r\n in Unknown on line 0
PHP Warning:  PHP Startup: Unable to load dynamic library './ext/php_oci8.dll' - N\xe3o foi poss\xedvel encontrar o m\xf3dulo especificado.\r\n in Unknown on line 0
PHP Warning:  PHP Startup: Unable to load dynamic library './ext/php_sybase_ct.dll' - N\xe3o foi poss\xedvel encontrar o m\xf3dulo especificado.\r\n in Unknown on line 0
Cannot find module (IP-MIB): At line 0 in (none)
Cannot find module (IF-MIB): At line 0 in (none)
Cannot find module (TCP-MIB): At line 0 in (none)
Cannot find module (UDP-MIB): At line 0 in (none)
Cannot find module (SNMPv2-MIB): At line 0 in (none)
Cannot find module (SNMPv2-SMI): At line 0 in (none)
Cannot find module (UCD-SNMP-MIB): At line 0 in (none)
Cannot find module (UCD-DEMO-MIB): At line 0 in (none)
Cannot find module (SNMP-TARGET-MIB): At line 0 in (none)
Cannot find module (SNMP-VIEW-BASED-ACM-MIB): At line 0 in (none)
Cannot find module (SNMP-COMMUNITY-MIB): At line 0 in (none)
Cannot find module (UCD-DLMOD-MIB): At line 0 in (none)
Cannot find module (SNMP-FRAMEWORK-MIB): At line 0 in (none)
Cannot find module (SNMP-MPD-MIB): At line 0 in (none)
Cannot find module (SNMP-USER-BASED-SM-MIB): At line 0 in (none)
Cannot find module (SNMP-NOTIFICATION-MIB): At line 0 in (none)
Cannot find module (SNMPv2-TM): At line 0 in (none)
[Sat Mar 19 18:33:12 2022] [notice] Apache/2.2.15 (Win32) PHP/5.2.13 configured -- resuming normal operations
[Sat Mar 19 18:33:12 2022] [notice] Server built: Mar  4 2010 11:27:46
[Sat Mar 19 18:33:12 2022] [notice] Parent: Created child process 4496
PHP Warning:  PHP Startup: Unable to load dynamic library './ext/php_ifx.dll' - N\xe3o foi poss\xedvel encontrar o m\xf3dulo especificado.\r\n in Unknown on line 0
PHP Warning:  PHP Startup: Unable to load dynamic library './ext/php_mssql.dll' - N\xe3o foi poss\xedvel encontrar o m\xf3dulo especificado.\r\n in Unknown on line 0
PHP Warning:  PHP Startup: Unable to load dynamic library './ext/php_oci8.dll' - N\xe3o foi poss\xedvel encontrar o m\xf3dulo especificado.\r\n in Unknown on line 0
PHP Warning:  PHP Startup: Unable to load dynamic library './ext/php_sybase_ct.dll' - N\xe3o foi poss\xedvel encontrar o m\xf3dulo especificado.\r\n in Unknown on line 0
Cannot find module (IP-MIB): At line 0 in (none)
Cannot find module (IF-MIB): At line 0 in (none)
Cannot find module (TCP-MIB): At line 0 in (none)
Cannot find module (UDP-MIB): At line 0 in (none)
Cannot find module (SNMPv2-MIB): At line 0 in (none)
Cannot find module (SNMPv2-SMI): At line 0 in (none)
Cannot find module (UCD-SNMP-MIB): At line 0 in (none)
Cannot find module (UCD-DEMO-MIB): At line 0 in (none)
Cannot find module (SNMP-TARGET-MIB): At line 0 in (none)
Cannot find module (SNMP-VIEW-BASED-ACM-MIB): At line 0 in (none)
Cannot find module (SNMP-COMMUNITY-MIB): At line 0 in (none)
Cannot find module (UCD-DLMOD-MIB): At line 0 in (none)
Cannot find module (SNMP-FRAMEWORK-MIB): At line 0 in (none)
Cannot find module (SNMP-MPD-MIB): At line 0 in (none)
Cannot find module (SNMP-USER-BASED-SM-MIB): At line 0 in (none)
Cannot find module (SNMP-NOTIFICATION-MIB): At line 0 in (none)
Cannot find module (SNMPv2-TM): At line 0 in (none)
[Sat Mar 19 18:33:14 2022] [notice] Child 4496: Child process is running
[Sat Mar 19 18:33:14 2022] [notice] Child 4496: Acquired the start mutex.
[Sat Mar 19 18:33:14 2022] [notice] Child 4496: Starting 64 worker threads.
[Sat Mar 19 18:33:14 2022] [notice] Child 4496: Starting thread to listen on port 9090.
[Sat Mar 19 18:33:14 2022] [notice] Child 4496: Starting thread to listen on port 80.
[Sat Mar 19 18:33:36 2022] [error] [client 127.0.0.1] File does not exist: C:/amp/UwAmp_1.3/UwAmp/www/dvwa/js, referer: http://localhost:9090/dvwa/index.php
[Thu Mar 06 20:53:06 2025] [warn] pid file C:/Users/luizm/Documents/Gradua\xc3\xa7\xc3\xb5es/FURB/7\xc2\xb0 Semestre/Seguran\xc3\xa7a da Informa\xc3\xa7\xc3\xa3o/Exerc\xc3\xadcio 2/UwAmp/apache/logs/httpd.pid overwritten -- Unclean shutdown of previous Apache run?
PHP Warning:  PHP Startup: Unable to load dynamic library './ext/php_ifx.dll' - N\xe3o foi poss\xedvel encontrar o m\xf3dulo especificado.\r\n in Unknown on line 0
PHP Warning:  PHP Startup: Unable to load dynamic library './ext/php_mssql.dll' - N\xe3o foi poss\xedvel encontrar o m\xf3dulo especificado.\r\n in Unknown on line 0
PHP Warning:  PHP Startup: Unable to load dynamic library './ext/php_oci8.dll' - N\xe3o foi poss\xedvel encontrar o m\xf3dulo especificado.\r\n in Unknown on line 0
PHP Warning:  PHP Startup: Unable to load dynamic library './ext/php_sybase_ct.dll' - N\xe3o foi poss\xedvel encontrar o m\xf3dulo especificado.\r\n in Unknown on line 0
Cannot find module (IP-MIB): At line 0 in (none)
Cannot find module (IF-MIB): At line 0 in (none)
Cannot find module (TCP-MIB): At line 0 in (none)
Cannot find module (UDP-MIB): At line 0 in (none)
Cannot find module (SNMPv2-MIB): At line 0 in (none)
Cannot find module (SNMPv2-SMI): At line 0 in (none)
Cannot find module (UCD-SNMP-MIB): At line 0 in (none)
Cannot find module (UCD-DEMO-MIB): At line 0 in (none)
Cannot find module (SNMP-TARGET-MIB): At line 0 in (none)
Cannot find module (SNMP-VIEW-BASED-ACM-MIB): At line 0 in (none)
Cannot find module (SNMP-COMMUNITY-MIB): At line 0 in (none)
Cannot find module (UCD-DLMOD-MIB): At line 0 in (none)
Cannot find module (SNMP-FRAMEWORK-MIB): At line 0 in (none)
Cannot find module (SNMP-MPD-MIB): At line 0 in (none)
Cannot find module (SNMP-USER-BASED-SM-MIB): At line 0 in (none)
Cannot find module (SNMP-NOTIFICATION-MIB): At line 0 in (none)
Cannot find module (SNMPv2-TM): At line 0 in (none)
[Thu Mar 06 20:53:11 2025] [notice] Apache/2.2.15 (Win32) PHP/5.2.13 configured -- resuming normal operations
[Thu Mar 06 20:53:11 2025] [notice] Server built: Mar  4 2010 11:27:46
[Thu Mar 06 20:53:11 2025] [notice] Parent: Created child process 36344
PHP Warning:  PHP Startup: Unable to load dynamic library './ext/php_ifx.dll' - N\xe3o foi poss\xedvel encontrar o m\xf3dulo especificado.\r\n in Unknown on line 0
PHP Warning:  PHP Startup: Unable to load dynamic library './ext/php_mssql.dll' - N\xe3o foi poss\xedvel encontrar o m\xf3dulo especificado.\r\n in Unknown on line 0
PHP Warning:  PHP Startup: Unable to load dynamic library './ext/php_oci8.dll' - N\xe3o foi poss\xedvel encontrar o m\xf3dulo especificado.\r\n in Unknown on line 0
PHP Warning:  PHP Startup: Unable to load dynamic library './ext/php_sybase_ct.dll' - N\xe3o foi poss\xedvel encontrar o m\xf3dulo especificado.\r\n in Unknown on line 0
Cannot find module (IP-MIB): At line 0 in (none)
Cannot find module (IF-MIB): At line 0 in (none)
Cannot find module (TCP-MIB): At line 0 in (none)
Cannot find module (UDP-MIB): At line 0 in (none)
Cannot find module (SNMPv2-MIB): At line 0 in (none)
Cannot find module (SNMPv2-SMI): At line 0 in (none)
Cannot find module (UCD-SNMP-MIB): At line 0 in (none)
Cannot find module (UCD-DEMO-MIB): At line 0 in (none)
Cannot find module (SNMP-TARGET-MIB): At line 0 in (none)
Cannot find module (SNMP-VIEW-BASED-ACM-MIB): At line 0 in (none)
Cannot find module (SNMP-COMMUNITY-MIB): At line 0 in (none)
Cannot find module (UCD-DLMOD-MIB): At line 0 in (none)
Cannot find module (SNMP-FRAMEWORK-MIB): At line 0 in (none)
Cannot find module (SNMP-MPD-MIB): At line 0 in (none)
Cannot find module (SNMP-USER-BASED-SM-MIB): At line 0 in (none)
Cannot find module (SNMP-NOTIFICATION-MIB): At line 0 in (none)
Cannot find module (SNMPv2-TM): At line 0 in (none)
[Thu Mar 06 20:53:12 2025] [notice] Child 36344: Child process is running
[Thu Mar 06 20:53:12 2025] [notice] Child 36344: Acquired the start mutex.
[Thu Mar 06 20:53:12 2025] [notice] Child 36344: Starting 64 worker threads.
[Thu Mar 06 20:53:12 2025] [notice] Child 36344: Starting thread to listen on port 80.
[Thu Mar 06 20:53:12 2025] [notice] Child 36344: Starting thread to listen on port 9090.
[Thu Mar 06 20:53:48 2025] [error] [client 127.0.0.1] File does not exist: C:/Users/luizm/Documents/Gradua\xc3\xa7\xc3\xb5es/FURB/7\xc2\xb0 Semestre/Seguran\xc3\xa7a da Informa\xc3\xa7\xc3\xa3o/Exerc\xc3\xadcio 2/UwAmp/www/WebGoat
[Thu Mar 06 20:53:48 2025] [error] [client 127.0.0.1] File does not exist: C:/Users/luizm/Documents/Gradua\xc3\xa7\xc3\xb5es/FURB/7\xc2\xb0 Semestre/Seguran\xc3\xa7a da Informa\xc3\xa7\xc3\xa3o/Exerc\xc3\xadcio 2/UwAmp/www/favicon.ico, referer: http://localhost:9090/WebGoat/start.mvc
[Thu Mar 06 20:53:54 2025] [error] [client 127.0.0.1] PHP Warning:  Unknown: failed to open stream: No such file or directory in Unknown on line 0
[Thu Mar 06 20:53:54 2025] [error] [client 127.0.0.1] PHP Fatal error:  Unknown: Failed opening required 'C:/Users/luizm/Documents/Gradua\xc3\xa7\xc3\xb5es/FURB/7\xc2\xb0 Semestre/Seguran\xc3\xa7a da Informa\xc3\xa7\xc3\xa3o/Exerc\xc3\xadcio 2/UwAmp/www/index.php' (include_path='.;C:\\php5\\pear') in Unknown on line 0
