220319 18:06:18 [Note] Plugin 'FEDERATED' is disabled.
InnoDB: The first specified data file .\ibdata1 did not exist:
InnoDB: a new database to be created!
220319 18:06:19  InnoDB: Setting file .\ibdata1 size to 10 MB
InnoDB: Database physically writes the file full: wait...
220319 18:06:20  InnoDB: Log file .\ib_logfile0 did not exist: new to be created
InnoDB: Setting log file .\ib_logfile0 size to 5 MB
InnoDB: Database physically writes the file full: wait...
220319 18:06:21  InnoDB: Log file .\ib_logfile1 did not exist: new to be created
InnoDB: Setting log file .\ib_logfile1 size to 5 MB
InnoDB: Database physically writes the file full: wait...
InnoDB: Doublewrite buffer not found: creating new
InnoDB: Doublewrite buffer created
InnoDB: Creating foreign key constraint system tables
InnoDB: Foreign key constraint system tables created
220319 18:06:21  InnoDB: Started; log sequence number 0 0
220319 18:06:22 [Note] Event Scheduler: Loaded 0 events
220319 18:06:22 [Note] C:\amp\UwAmp_1.3\UwAmp\mysql\bin\mysqld.exe: ready for connections.
Version: '5.1.44-community-log'  socket: ''  port: 3306  MySQL Community Server (GPL)
220319 18:32:41 [Note] C:\amp\UwAmp_1.3\UwAmp\mysql\bin\mysqld.exe: Normal shutdown

220319 18:32:41 [Note] Event Scheduler: Purging the queue. 0 events
220319 18:32:41  InnoDB: Starting shutdown...
220319 18:32:46  InnoDB: Shutdown completed; log sequence number 0 44233
220319 18:32:46 [Note] C:\amp\UwAmp_1.3\UwAmp\mysql\bin\mysqld.exe: Shutdown complete

220319 18:33:11 [Note] Plugin 'FEDERATED' is disabled.
220319 18:33:12  InnoDB: Started; log sequence number 0 44233
220319 18:33:12 [Note] Event Scheduler: Loaded 0 events
220319 18:33:12 [Note] C:\amp\UwAmp_1.3\UwAmp\mysql\bin\mysqld.exe: ready for connections.
Version: '5.1.44-community-log'  socket: ''  port: 3306  MySQL Community Server (GPL)
